0 info it worked if it ends with ok
1 verbose cli [ '/home/noel/.nvm/versions/v0.12.7/bin/node',
1 verbose cli   '/home/noel/.nvm/versions/v0.12.7/bin/npm',
1 verbose cli   'install' ]
2 info using npm@2.11.3
3 info using node@v0.12.7
4 verbose config Skipping project config: /home/noel/.npmrc. (matches userconfig)
5 verbose readDependencies loading dependencies from /home/noel/package.json
6 error install Couldn't read dependencies
7 verbose stack Error: ENOENT, open '/home/noel/package.json'
7 verbose stack     at Error (native)
8 verbose cwd /home/noel/projects/hexagonaljs/spa_spike
9 error Linux 3.13.0-55-generic
10 error argv "/home/noel/.nvm/versions/v0.12.7/bin/node" "/home/noel/.nvm/versions/v0.12.7/bin/npm" "install"
11 error node v0.12.7
12 error npm  v2.11.3
13 error path /home/noel/package.json
14 error code ENOPACKAGEJSON
15 error errno -2
16 error package.json ENOENT, open '/home/noel/package.json'
16 error package.json This is most likely not a problem with npm itself.
16 error package.json npm can't find a package.json file in your current directory.
17 verbose exit [ -2, true ]
